Using pre-set license
Built from '2020.3/staging' branch; Version is '2020.3.18f1 (a7d1c678663c) revision 10998214'; Using compiler version '192528614'; Build Type 'Release'
OS: 'Windows 10 Home Single Language; OS build 18363.1256; Version 1909; 64bit' Language: 'es' Physical Memory: 8052 MB
BatchMode: 1, IsHumanControllingUs: 0, StartBugReporterOnCrash: 0, Is64bit: 1, IsPro: 0

COMMAND LINE ARGUMENTS:
D:\programas\Unity2020.3.18\Editor\Unity.exe
-adb2
-batchMode
-noUpm
-name
AssetImportWorker2
-projectPath
D:/Documents/Videojuegos-Progra/TICS/Prototipo-Ant/Ant-prototipo/Antigeno
-logFile
Logs/AssetImportWorker2.log
-srvPort
52868
Successfully changed project path to: D:/Documents/Videojuegos-Progra/TICS/Prototipo-Ant/Ant-prototipo/Antigeno
D:/Documents/Videojuegos-Progra/TICS/Prototipo-Ant/Ant-prototipo/Antigeno
Using Asset Import Pipeline V2.
Refreshing native plugins compatible for Editor in 66.35 ms, found 2 plugins.
Preloading 0 native plugins for Editor in 0.00 ms.
Initialize engine version: 2020.3.18f1 (a7d1c678663c)
[Subsystems] Discovering subsystems at path D:/programas/Unity2020.3.18/Editor/Data/Resources/UnitySubsystems
[Subsystems] Discovering subsystems at path D:/Documents/Videojuegos-Progra/TICS/Prototipo-Ant/Ant-prototipo/Antigeno/Assets
GfxDevice: creating device client; threaded=0
Direct3D:
    Version:  Direct3D 11.0 [level 11.1]
    Renderer: NVIDIA GeForce GTX 1050 (ID=0x1c8d)
    Vendor:   
    VRAM:     4019 MB
    Driver:   27.21.14.5167
Initialize mono
Mono path[0] = 'D:/programas/Unity2020.3.18/Editor/Data/Managed'
Mono path[1] = 'D:/programas/Unity2020.3.18/Editor/Data/MonoBleedingEdge/lib/mono/unityjit'
Mono config path = 'D:/programas/Unity2020.3.18/Editor/Data/MonoBleedingEdge/etc'
Using monoOptions --debugger-agent=transport=dt_socket,embedding=1,server=y,suspend=n,address=127.0.0.1:56220
Begin MonoManager ReloadAssembly
Registering precompiled unity dll's ...
Register platform support module: D:/programas/Unity2020.3.18/Editor/Data/PlaybackEngines/WebGLSupport/UnityEditor.WebGL.Extensions.dll
Register platform support module: D:/programas/Unity2020.3.18/Editor/Data/PlaybackEngines/WindowsStandaloneSupport/UnityEditor.WindowsStandalone.Extensions.dll
Registered in 0.002345 seconds.
Native extension for WindowsStandalone target not found
Native extension for WebGL target not found
Refreshing native plugins compatible for Editor in 58.33 ms, found 2 plugins.
Preloading 0 native plugins for Editor in 0.00 ms.
Mono: successfully reloaded assembly
- Completed reload, in  1.858 seconds
Domain Reload Profiling:
	ReloadAssembly (1858ms)
		BeginReloadAssembly (99ms)
			ExecutionOrderSort (0ms)
			DisableScriptedObjects (0ms)
			BackupInstance (0ms)
			ReleaseScriptingObjects (0ms)
			CreateAndSetChildDomain (2ms)
		EndReloadAssembly (809ms)
			LoadAssemblies (97ms)
			RebuildTransferFunctionScriptingTraits (0ms)
			SetupTypeCache (300ms)
			ReleaseScriptCaches (0ms)
			RebuildScriptCaches (63ms)
			SetupLoadedEditorAssemblies (318ms)
				LogAssemblyErrors (0ms)
				InitializePlatformSupportModulesInManaged (9ms)
				SetLoadedEditorAssemblies (0ms)
				RefreshPlugins (59ms)
				BeforeProcessingInitializeOnLoad (31ms)
				ProcessInitializeOnLoadAttributes (165ms)
				ProcessInitializeOnLoadMethodAttributes (53ms)
				AfterProcessingInitializeOnLoad (0ms)
				EditorAssembliesLoaded (0ms)
			ExecutionOrderSort2 (0ms)
			AwakeInstancesAfterBackupRestoration (0ms)
Platform modules already initialized, skipping
Registering precompiled user dll's ...
Registered in 0.003425 seconds.
Begin MonoManager ReloadAssembly
Native extension for WindowsStandalone target not found
Native extension for WebGL target not found
Refreshing native plugins compatible for Editor in 0.69 ms, found 2 plugins.
Preloading 0 native plugins for Editor in 0.00 ms.
Mono: successfully reloaded assembly
- Completed reload, in  2.042 seconds
Domain Reload Profiling:
	ReloadAssembly (2043ms)
		BeginReloadAssembly (322ms)
			ExecutionOrderSort (0ms)
			DisableScriptedObjects (8ms)
			BackupInstance (0ms)
			ReleaseScriptingObjects (0ms)
			CreateAndSetChildDomain (48ms)
		EndReloadAssembly (1598ms)
			LoadAssemblies (200ms)
			RebuildTransferFunctionScriptingTraits (0ms)
			SetupTypeCache (561ms)
			ReleaseScriptCaches (1ms)
			RebuildScriptCaches (101ms)
			SetupLoadedEditorAssemblies (569ms)
				LogAssemblyErrors (0ms)
				InitializePlatformSupportModulesInManaged (10ms)
				SetLoadedEditorAssemblies (1ms)
				RefreshPlugins (1ms)
				BeforeProcessingInitializeOnLoad (135ms)
				ProcessInitializeOnLoadAttributes (410ms)
				ProcessInitializeOnLoadMethodAttributes (7ms)
				AfterProcessingInitializeOnLoad (4ms)
				EditorAssembliesLoaded (1ms)
			ExecutionOrderSort2 (0ms)
			AwakeInstancesAfterBackupRestoration (14ms)
Platform modules already initialized, skipping
========================================================================
Worker process is ready to serve import requests
Launched and connected shader compiler UnityShaderCompiler.exe after 0.20 seconds
Refreshing native plugins compatible for Editor in 0.92 ms, found 2 plugins.
Preloading 0 native plugins for Editor in 0.00 ms.
Unloading 1409 Unused Serialized files (Serialized files now loaded: 0)
System memory in use before: 66.3 MB.
System memory in use after: 66.3 MB.

Unloading 16 unused Assets to reduce memory usage. Loaded Objects now: 1845.
Total: 5.310100 ms (FindLiveObjects: 0.349500 ms CreateObjectMapping: 0.144800 ms MarkObjects: 4.709400 ms  DeleteObjects: 0.104900 ms)

AssetImportParameters requested are different than current active one (requested -> active):
  custom:framework-win-MediaFoundation: 216162199b28c13a410421893ffa2e32 -> 
  custom:video-decoder-ogg-theora: a1e56fd34408186e4bbccfd4996cb3dc -> 
  custom:container-muxer-webm: aa71ff27fc2769a1b78a27578f13a17b -> 
  custom:container-demuxer-webm: 4f35f7cbe854078d1ac9338744f61a02 -> 
  custom:container-demuxer-ogg: 62fdf1f143b41e24485cea50d1cbac27 -> 
  custom:video-encoder-webm-vp8: eb34c28f22e8b96e1ab97ce403110664 -> 
  custom:video-codec-MediaFoundation-h265: 746d11721c4dcdbdad8f713fa42b33f4 -> 
  custom:video-decoder-webm-vp8: 9c59270c3fd7afecdb556c50c9e8de78 -> 
  custom:audio-decoder-ogg-vorbis: bf7c407c2cedff20999df2af8eb42d56 -> 
  custom:audio-encoder-webm-vorbis: bf7c407c2cedff20999df2af8eb42d56 -> 
========================================================================
Received Import Request.
  path: Assets/Prefabs/Coin.prefab
  artifactKey: Guid(ebb23675064c3f343b6286b830626fe4) Importer(815301076,1909f56bfc062723c751e8b465ee728b)
Start importing Assets/Prefabs/Coin.prefab using Guid(ebb23675064c3f343b6286b830626fe4) Importer(815301076,1909f56bfc062723c751e8b465ee728b)  -> (artifact id: '4ab07d8c7fc0fee1da8857dea9b557fb') in 0.374655 seconds 
  Import took 0.380146 seconds .

========================================================================
Received Import Request.
  Time since last request: 0.000442 seconds.
  path: Assets/Prefabs/Enemy.prefab
  artifactKey: Guid(2d4405f82e3bf1e48a0c16e65dbca51d) Importer(815301076,1909f56bfc062723c751e8b465ee728b)
Start importing Assets/Prefabs/Enemy.prefab using Guid(2d4405f82e3bf1e48a0c16e65dbca51d) Importer(815301076,1909f56bfc062723c751e8b465ee728b)  -> (artifact id: '084880d55275d5a43467e14c4d3319bd') in 0.078971 seconds 
  Import took 0.084249 seconds .

========================================================================
Received Import Request.
  Time since last request: 0.000390 seconds.
  path: Assets/Prefabs/Player.prefab
  artifactKey: Guid(581e4997bc56f9d42ad9d801bf0ea3ad) Importer(815301076,1909f56bfc062723c751e8b465ee728b)
Start importing Assets/Prefabs/Player.prefab using Guid(581e4997bc56f9d42ad9d801bf0ea3ad) Importer(815301076,1909f56bfc062723c751e8b465ee728b)  -> (artifact id: 'c70d9a1569dc29ca543a15171dff50c7') in 0.014914 seconds 
  Import took 0.018831 seconds .

========================================================================
Received Import Request.
  Time since last request: 0.000352 seconds.
  path: Assets/SoundClips/Jump Sound Effect HD  .mp3
  artifactKey: Guid(b0bc696490b334244ac8972bcb532fc1) Importer(815301076,1909f56bfc062723c751e8b465ee728b)
Start importing Assets/SoundClips/Jump Sound Effect HD  .mp3 using Guid(b0bc696490b334244ac8972bcb532fc1) Importer(815301076,1909f56bfc062723c751e8b465ee728b)  -> (artifact id: 'a64c682de8feda989587bc26f60e4b62') in 0.462479 seconds 
  Import took 0.466126 seconds .

========================================================================
Received Import Request.
  Time since last request: 0.000358 seconds.
  path: Assets/SoundClips/ClickSFX.mp3
  artifactKey: Guid(833362ae7f189b949901d809b01a81eb) Importer(815301076,1909f56bfc062723c751e8b465ee728b)
Start importing Assets/SoundClips/ClickSFX.mp3 using Guid(833362ae7f189b949901d809b01a81eb) Importer(815301076,1909f56bfc062723c751e8b465ee728b)  -> (artifact id: 'e0f27534cc62a44ab42d9ec94f32a7b7') in 0.009640 seconds 
  Import took 0.012833 seconds .

========================================================================
Received Import Request.
  Time since last request: 0.000370 seconds.
  path: Assets/SoundClips/Punch Sound Effect - Gaming SFX.mp3
  artifactKey: Guid(e9a2cfa3fb92dde45a7acfbc326b16c6) Importer(815301076,1909f56bfc062723c751e8b465ee728b)
Start importing Assets/SoundClips/Punch Sound Effect - Gaming SFX.mp3 using Guid(e9a2cfa3fb92dde45a7acfbc326b16c6) Importer(815301076,1909f56bfc062723c751e8b465ee728b)  -> (artifact id: '760dec4f1c57fb4d57423e1b3f572e46') in 0.008656 seconds 
  Import took 0.011232 seconds .

========================================================================
Received Import Request.
  Time since last request: 0.000363 seconds.
  path: Assets/SoundClips/Simple And Clean.mp3
  artifactKey: Guid(ba6411e2c776ca744a2878820c70731b) Importer(815301076,1909f56bfc062723c751e8b465ee728b)
Start importing Assets/SoundClips/Simple And Clean.mp3 using Guid(ba6411e2c776ca744a2878820c70731b) Importer(815301076,1909f56bfc062723c751e8b465ee728b)  -> (artifact id: '5a0e5342d6e61fcac469229156dd122a') in 0.009712 seconds 
  Import took 0.012389 seconds .

========================================================================
Received Import Request.
  Time since last request: 0.000353 seconds.
  path: Assets/Scenes/GameScene.unity
  artifactKey: Guid(aba142a975b05794d88b0f4a9283a988) Importer(815301076,1909f56bfc062723c751e8b465ee728b)
Start importing Assets/Scenes/GameScene.unity using Guid(aba142a975b05794d88b0f4a9283a988) Importer(815301076,1909f56bfc062723c751e8b465ee728b)  -> (artifact id: '7f4e1c43313d576a02f670cefc435c63') in 0.001883 seconds 
  Import took 0.004334 seconds .

========================================================================
Received Import Request.
  Time since last request: 0.000350 seconds.
  path: Assets/SoundClips/y2meta.com - _Troubling Mischief!_ Upbeat Dramatic Game Music by HeatleyBros (256 kbps).mp3
  artifactKey: Guid(6aefd89b9ce37b94fb6ab239b8b81366) Importer(815301076,1909f56bfc062723c751e8b465ee728b)
Start importing Assets/SoundClips/y2meta.com - _Troubling Mischief!_ Upbeat Dramatic Game Music by HeatleyBros (256 kbps).mp3 using Guid(6aefd89b9ce37b94fb6ab239b8b81366) Importer(815301076,1909f56bfc062723c751e8b465ee728b)  -> (artifact id: '8c5b71ecc716bcfe00c2059cc7531749') in 0.007481 seconds 
  Import took 0.010013 seconds .

========================================================================
Received Import Request.
  Time since last request: 0.284524 seconds.
  path: Assets/SoundClips/ClickSFX.mp3
  artifactKey: Guid(833362ae7f189b949901d809b01a81eb) Importer(815301076,1909f56bfc062723c751e8b465ee728b)
Start importing Assets/SoundClips/ClickSFX.mp3 using Guid(833362ae7f189b949901d809b01a81eb) Importer(815301076,1909f56bfc062723c751e8b465ee728b)  -> (artifact id: 'e0f27534cc62a44ab42d9ec94f32a7b7') in 0.007523 seconds 
  Import took 0.010714 seconds .

========================================================================
Received Prepare
Refreshing native plugins compatible for Editor in 3.05 ms, found 2 plugins.
Preloading 0 native plugins for Editor in 0.00 ms.
Unloading 9 Unused Serialized files (Serialized files now loaded: 0)
System memory in use before: 42.7 MB.
System memory in use after: 42.8 MB.

Unloading 9 unused Assets to reduce memory usage. Loaded Objects now: 1854.
Total: 4.215700 ms (FindLiveObjects: 0.146600 ms CreateObjectMapping: 0.054300 ms MarkObjects: 3.996600 ms  DeleteObjects: 0.017300 ms)

AssetImportParameters requested are different than current active one (requested -> active):
  custom:framework-win-MediaFoundation: 216162199b28c13a410421893ffa2e32 -> 
  custom:video-decoder-ogg-theora: a1e56fd34408186e4bbccfd4996cb3dc -> 
  custom:container-muxer-webm: aa71ff27fc2769a1b78a27578f13a17b -> 
  custom:container-demuxer-webm: 4f35f7cbe854078d1ac9338744f61a02 -> 
  custom:container-demuxer-ogg: 62fdf1f143b41e24485cea50d1cbac27 -> 
  custom:video-encoder-webm-vp8: eb34c28f22e8b96e1ab97ce403110664 -> 
  custom:video-codec-MediaFoundation-h265: 746d11721c4dcdbdad8f713fa42b33f4 -> 
  custom:video-decoder-webm-vp8: 9c59270c3fd7afecdb556c50c9e8de78 -> 
  custom:audio-decoder-ogg-vorbis: bf7c407c2cedff20999df2af8eb42d56 -> 
  custom:audio-encoder-webm-vorbis: bf7c407c2cedff20999df2af8eb42d56 -> 
========================================================================
Received Prepare
Registering precompiled user dll's ...
Registered in 0.002735 seconds.
Begin MonoManager ReloadAssembly
Native extension for WindowsStandalone target not found
Native extension for WebGL target not found
Refreshing native plugins compatible for Editor in 0.41 ms, found 2 plugins.
Preloading 0 native plugins for Editor in 0.00 ms.
Mono: successfully reloaded assembly
- Completed reload, in  1.360 seconds
Domain Reload Profiling:
	ReloadAssembly (1360ms)
		BeginReloadAssembly (157ms)
			ExecutionOrderSort (0ms)
			DisableScriptedObjects (6ms)
			BackupInstance (0ms)
			ReleaseScriptingObjects (0ms)
			CreateAndSetChildDomain (38ms)
		EndReloadAssembly (1079ms)
			LoadAssemblies (185ms)
			RebuildTransferFunctionScriptingTraits (0ms)
			SetupTypeCache (385ms)
			ReleaseScriptCaches (1ms)
			RebuildScriptCaches (47ms)
			SetupLoadedEditorAssemblies (351ms)
				LogAssemblyErrors (0ms)
				InitializePlatformSupportModulesInManaged (8ms)
				SetLoadedEditorAssemblies (1ms)
				RefreshPlugins (1ms)
				BeforeProcessingInitializeOnLoad (92ms)
				ProcessInitializeOnLoadAttributes (243ms)
				ProcessInitializeOnLoadMethodAttributes (4ms)
				AfterProcessingInitializeOnLoad (3ms)
				EditorAssembliesLoaded (0ms)
			ExecutionOrderSort2 (0ms)
			AwakeInstancesAfterBackupRestoration (8ms)
Platform modules already initialized, skipping
Refreshing native plugins compatible for Editor in 0.40 ms, found 2 plugins.
Preloading 0 native plugins for Editor in 0.00 ms.
Unloading 1403 Unused Serialized files (Serialized files now loaded: 0)
System memory in use before: 69.3 MB.
System memory in use after: 69.4 MB.

Unloading 11 unused Assets to reduce memory usage. Loaded Objects now: 1856.
Total: 3.305100 ms (FindLiveObjects: 0.164900 ms CreateObjectMapping: 0.049200 ms MarkObjects: 3.055200 ms  DeleteObjects: 0.034400 ms)

AssetImportParameters requested are different than current active one (requested -> active):
  custom:framework-win-MediaFoundation: 216162199b28c13a410421893ffa2e32 -> 
  custom:video-decoder-ogg-theora: a1e56fd34408186e4bbccfd4996cb3dc -> 
  custom:container-muxer-webm: aa71ff27fc2769a1b78a27578f13a17b -> 
  custom:container-demuxer-webm: 4f35f7cbe854078d1ac9338744f61a02 -> 
  custom:container-demuxer-ogg: 62fdf1f143b41e24485cea50d1cbac27 -> 
  custom:video-encoder-webm-vp8: eb34c28f22e8b96e1ab97ce403110664 -> 
  custom:video-codec-MediaFoundation-h265: 746d11721c4dcdbdad8f713fa42b33f4 -> 
  custom:video-decoder-webm-vp8: 9c59270c3fd7afecdb556c50c9e8de78 -> 
  custom:audio-decoder-ogg-vorbis: bf7c407c2cedff20999df2af8eb42d56 -> 
  custom:audio-encoder-webm-vorbis: bf7c407c2cedff20999df2af8eb42d56 -> 
AssetImportWorkerClient::OnTransportError - code=2 error=End of file
